<?xml version="1.0" encoding="UTF-8"?>
<!-- Generated by org.testng.reporters.JUnitXMLReporter -->
<testsuite ignored="0" hostname="DESKTOP-6NMBPP8" failures="1" tests="1" name="Test" time="97.272" errors="0" timestamp="2023-03-25T18:47:35 IST">
  <testcase classname="com.eurowings.testcases.TC001_VerifySearchByRoute_Today" name="runSearchByRoute" time="90.215">
    <failure type="java.lang.RuntimeException" message="See the reporter for details.">
      <![CDATA[java.lang.RuntimeException: See the reporter for details.
at com.framework.utils.Reporter.reportStep(Reporter.java:92)
at com.framework.utils.Reporter.reportStep(Reporter.java:107)
at com.framework.selenium.api.base.SeleniumBase.locateElement(SeleniumBase.java:612)
at com.eurowings.pages.SearchFlightByRoute.agreeCookieConsent(SearchFlightByRoute.java:15)
at com.eurowings.testcases.TC001_VerifySearchByRoute_Today.runSearchByRoute(TC001_VerifySearchByRoute_Today.java:24)
at java.base/java.util.concurrent.ThreadPoolExecutor.runWorker(ThreadPoolExecutor.java:1136)
at java.base/java.util.concurrent.ThreadPoolExecutor$Worker.run(ThreadPoolExecutor.java:635)
at java.base/java.lang.Thread.run(Thread.java:833)
... Removed 12 stack frames]]>
    </failure>
  </testcase> <!-- runSearchByRoute -->
</testsuite> <!-- Test -->
